Removed Pin From Net: NetName=VCC Pin=LED1-2
Removed Pin From Net: NetName=VCC Pin=LED2-2
Removed Pin From Net: NetName=VCC Pin= LED3 -2
Removed Pin From Net: NetName=VCC Pin=LED4-2
Removed Pin From Net: NetName=VCC Pin=LED5-2
Removed Pin From Net: NetName=VCC Pin=LED6-2
Removed Pin From Net: NetName=VCC Pin=LED7-2
Removed Pin From Net: NetName=NetLED1_1 Pin=R8-2
Removed Pin From Net: NetName=NetLED2_1 Pin=R9-2
Removed Pin From Net: NetName=NetLED4_1 Pin=R11-2
Removed Pin From Net: NetName=NetLED5_1 Pin=R12-2
Removed Pin From Net: NetName=NetLED6_1 Pin=R13-2
Removed Pin From Net: NetName=NetLED7_1 Pin=R14-2
Added Component: Designator=LED3(AVAG-HLMP-3301-2)
Add component (AddParameter): Name = "Chip Material"; Value = "GaP"; VariantName = "[No Variations]"
Add component (AddParameter): Name = "Datasheet URL"; Value = "http://www.avagotech.com/docs/AV02-1558EN"; VariantName = "[No Variations]"
Add component (AddParameter): Name = "Datasheet Version"; Value = "03/2015"; VariantName = "[No Variations]"
Add component (AddParameter): Name = "DELETED"; Value = "Compliant"; VariantName = "[No Variations]"
Add component (AddParameter): Name = "Dominant Wave Length"; Value = "626nm"; VariantName = "[No Variations]"
Add component (AddParameter): Name = "Emitting Color"; Value = "Red"; VariantName = "[No Variations]"
Add component (AddParameter): Name = "Forward Current"; Value = "25mA"; VariantName = "[No Variations]"
Add component (AddParameter): Name = "Forward Voltage"; Value = "2.4V"; VariantName = "[No Variations]"
Add component (AddParameter): Name = "High Brightness"; Value = "No"; VariantName = "[No Variations]"
Add component (AddParameter): Name = "Lens Dimensions"; Value = "5.08x5.08x8.3mm"; VariantName = "[No Variations]"
Add component (AddParameter): Name = "Lens Type"; Value = "ColoredDiffused"; VariantName = "[No Variations]"
Add component (AddParameter): Name = "Lum Intensity"; Value = "5.4mcd"; VariantName = "[No Variations]"
Add component (AddParameter): Name = "Luminous Intensity"; Value = "5.4mcd"; VariantName = "[No Variations]"
Add component (AddParameter): Name = "Main Category"; Value = "StandardLED"; VariantName = "[No Variations]"
Add component (AddParameter): Name = "Manufacturer"; Value = "Avago"; VariantName = "[No Variations]"
Add component (AddParameter): Name = "Manufacturer URL"; Value = "http://www.avagotech.com/"; VariantName = "[No Variations]"
Add component (AddParameter): Name = "Mounting"; Value = "ThroughHole"; VariantName = "[No Variations]"
Add component (AddParameter): Name = "Mounting Technology"; Value = "ThroughHole"; VariantName = "[No Variations]"
Add component (AddParameter): Name = "Number of  Elements"; Value = "1"; VariantName = "[No Variations]"
Add component (AddParameter): Name = "Operating Temp Range"; Value = "-40Cto100C"; VariantName = "[No Variations]"
Add component (AddParameter): Name = "Operating Temperature Classification"; Value = "Industrial"; VariantName = "[No Variations]"
Add component (AddParameter): Name = "Package Description"; Value = "2-Pin Through Hole LED, Dia 5.85 mm"; VariantName = "[No Variations]"
Add component (AddParameter): Name = "Package Reference"; Value = "HLMP-3301"; VariantName = "[No Variations]"
Add component (AddParameter): Name = "Package Type"; Value = "T-13/4"; VariantName = "[No Variations]"
Add component (AddParameter): Name = "Packaging"; Value = "TapeandReel"; VariantName = "[No Variations]"
Add component (AddParameter): Name = "Peak Wavelength"; Value = "635nm"; VariantName = "[No Variations]"
Add component (AddParameter): Name = "Pin Count"; Value = "2"; VariantName = "[No Variations]"
Add component (AddParameter): Name = "Power Dissipation"; Value = "85W"; VariantName = "[No Variations]"
Add component (AddParameter): Name = "Product Depth (mm)"; Value = "6.1mm"; VariantName = "[No Variations]"
Add component (AddParameter): Name = "Product Height (mm)"; Value = "9.19mm"; VariantName = "[No Variations]"
Add component (AddParameter): Name = "Product Length (mm)"; Value = "6.1mm"; VariantName = "[No Variations]"
Add component (AddParameter): Name = "Rad Hardened"; Value = "No"; VariantName = "[No Variations]"
Add component (AddParameter): Name = "Reverse Voltage"; Value = "5V"; VariantName = "[No Variations]"
Add component (AddParameter): Name = "Shape Type"; Value = "Circular"; VariantName = "[No Variations]"
Add component (AddParameter): Name = "Test Current (It)"; Value = "10mA"; VariantName = "[No Variations]"
Add component (AddParameter): Name = "Type"; Value = "Uni-Color"; VariantName = "[No Variations]"
Add component (AddParameter): Name = "Viewing Angle"; Value = "60deg"; VariantName = "[No Variations]"
Added Pin To Net: NetName=VCC Pin=R8-2
Added Pin To Net: NetName=VCC Pin=R9-2
Added Pin To Net: NetName=VCC Pin=R10-2
Added Pin To Net: NetName=VCC Pin=R11-2
Added Pin To Net: NetName=VCC Pin=R12-2
Added Pin To Net: NetName=VCC Pin=R13-2
Added Pin To Net: NetName=VCC Pin=R14-2
Added Pin To Net: NetName=NetLED7_1 Pin=U2-10
Added Pin To Net: NetName=NetLED6_1 Pin=U2-11
Added Pin To Net: NetName=NetLED5_1 Pin=U2-12
Added Pin To Net: NetName=NetLED4_1 Pin=U2-13
Added Pin To Net: NetName=NetLED2_1 Pin=U2-15
Added Pin To Net: NetName=NetLED1_1 Pin=U2-16
Change Net Name : Old Net Name=GND New Net Name=NetC1_1
Change Net Name : Old Net Name=VCC New Net Name=NetC3_2
Added Pin To Net: NetName=NetLED1_2 Pin=LED1-2
Added Pin To Net: NetName=NetLED1_2 Pin=R8-1
Added Net: Name=NetLED1_2
Added Pin To Net: NetName=NetLED2_2 Pin=LED2-2
Added Pin To Net: NetName=NetLED2_2 Pin=R9-1
Added Net: Name=NetLED2_2
Added Pin To Net: NetName=NetLED3_1 Pin=LED3-1
Added Pin To Net: NetName=NetLED3_1 Pin=U2-14
Added Net: Name=NetLED3_1
Added Pin To Net: NetName=NetLED3_2 Pin=LED3-2
Added Pin To Net: NetName=NetLED3_2 Pin=R10-1
Added Net: Name=NetLED3_2
Added Pin To Net: NetName=NetLED4_2 Pin=LED4-2
Added Pin To Net: NetName=NetLED4_2 Pin=R11-1
Added Net: Name=NetLED4_2
Added Pin To Net: NetName=NetLED5_2 Pin=LED5-2
Added Pin To Net: NetName=NetLED5_2 Pin=R12-1
Added Net: Name=NetLED5_2
Added Pin To Net: NetName=NetLED6_2 Pin=LED6-2
Added Pin To Net: NetName=NetLED6_2 Pin=R13-1
Added Net: Name=NetLED6_2
Added Pin To Net: NetName=NetLED7_2 Pin=LED7-2
Added Pin To Net: NetName=NetLED7_2 Pin=R14-1
Added Net: Name=NetLED7_2
